[debug] [2026-06-21T03:45:43.092Z] ----------------------------------------------------------------------
[debug] [2026-06-21T03:45:43.109Z] Command:       C:\Program Files\nodejs\node.exe C:\Users\pc\AppData\Roaming\npm\node_modules\firebase-tools\lib\bin\firebase.js init
[debug] [2026-06-21T03:45:43.110Z] CLI Version:   15.22.0
[debug] [2026-06-21T03:45:43.110Z] Platform:      win32
[debug] [2026-06-21T03:45:43.111Z] Node Version:  v24.16.0
[debug] [2026-06-21T03:45:43.111Z] Detected Agent: unknown
[debug] [2026-06-21T03:45:43.111Z] Time:          Sun Jun 21 2026 08:45:43 GMT+0500 (Pakistan Standard Time)
[debug] [2026-06-21T03:45:43.111Z] ----------------------------------------------------------------------
[debug] 
[info] 
     ######## #### ########  ######## ########     ###     ######  ########
     ##        ##  ##     ## ##       ##     ##  ##   ##  ##       ##
     ######    ##  ########  ######   ########  #########  ######  ######
     ##        ##  ##    ##  ##       ##     ## ##     ##       ## ##
     ##       #### ##     ## ######## ########  ##     ##  ######  ########

You're about to initialize a Firebase project in this directory:

  C:\Users\pc\Downloads\stackblitz-starters-lfqgohvp

[debug] [2026-06-21T04:00:20.585Z] ----------------------------------------------------------------------
[debug] [2026-06-21T04:00:20.590Z] Command:       C:\Program Files\nodejs\node.exe C:\Users\pc\AppData\Roaming\npm\node_modules\firebase-tools\lib\bin\firebase.js init
[debug] [2026-06-21T04:00:20.591Z] CLI Version:   15.22.0
[debug] [2026-06-21T04:00:20.591Z] Platform:      win32
[debug] [2026-06-21T04:00:20.592Z] Node Version:  v24.16.0
[debug] [2026-06-21T04:00:20.592Z] Detected Agent: unknown
[debug] [2026-06-21T04:00:20.592Z] Time:          Sun Jun 21 2026 09:00:20 GMT+0500 (Pakistan Standard Time)
[debug] [2026-06-21T04:00:20.593Z] ----------------------------------------------------------------------
[debug] 
[info] 
     ######## #### ########  ######## ########     ###     ######  ########
     ##        ##  ##     ## ##       ##     ##  ##   ##  ##       ##
     ######    ##  ########  ######   ########  #########  ######  ######
     ##        ##  ##    ##  ##       ##     ## ##     ##       ## ##
     ##       #### ##     ## ######## ########  ##     ##  ######  ########

You're about to initialize a Firebase project in this directory:

  C:\Users\pc\Downloads\stackblitz-starters-lfqgohvp

[debug] [2026-06-21T04:12:36.110Z] ExitPromptError: User force closed the prompt with SIGINT
    at Interface.sigint (C:\Users\pc\AppData\Roaming\npm\node_modules\firebase-tools\node_modules\@inquirer\core\dist\commonjs\lib\create-prompt.js:101:37)
    at Interface.emit (node:events:509:28)
    at [_ttyWrite] [as _ttyWrite] (node:internal/readline/interface:1327:18)
    at ReadStream.onkeypress (node:internal/readline/interface:284:20)
    at ReadStream.emit (node:events:521:24)
    at emitKeys (node:internal/readline/utils:371:14)
    at emitKeys.next (<anonymous>)
    at ReadStream.onData (node:internal/readline/emitKeypressEvents:64:36)
    at ReadStream.emit (node:events:509:28)
    at addChunk (node:internal/streams/readable:563:12)
[error] 
[error] Error: An unexpected error has occurred.
[debug] [2026-06-21T04:14:03.273Z] ----------------------------------------------------------------------
[debug] [2026-06-21T04:14:03.278Z] Command:       C:\Program Files\nodejs\node.exe C:\Users\pc\AppData\Roaming\npm\node_modules\firebase-tools\lib\bin\firebase.js init hosting
[debug] [2026-06-21T04:14:03.279Z] CLI Version:   15.22.0
[debug] [2026-06-21T04:14:03.279Z] Platform:      win32
[debug] [2026-06-21T04:14:03.279Z] Node Version:  v24.16.0
[debug] [2026-06-21T04:14:03.280Z] Detected Agent: unknown
[debug] [2026-06-21T04:14:03.280Z] Time:          Sun Jun 21 2026 09:14:03 GMT+0500 (Pakistan Standard Time)
[debug] [2026-06-21T04:14:03.280Z] ----------------------------------------------------------------------
[debug] 
[info] 
     ######## #### ########  ######## ########     ###     ######  ########
     ##        ##  ##     ## ##       ##     ##  ##   ##  ##       ##
     ######    ##  ########  ######   ########  #########  ######  ######
     ##        ##  ##    ##  ##       ##     ## ##     ##       ## ##
     ##       #### ##     ## ######## ########  ##     ##  ######  ########

You're about to initialize a Firebase project in this directory:

  C:\Users\pc\Downloads\stackblitz-starters-lfqgohvp

[info] 
=== Project Setup
[info] 
[info] First, let's associate this project directory with a Firebase project.
[info] You can create multiple project aliases by running firebase use --add, 
[info] 
